2012-11-12 19:35:24 Server started
2012-11-12 19:35:25 Server started
2012-11-12 19:35:28 Server started
2012-11-12 19:35:31 Server started
2012-11-12 19:35:35 User connected: ubuntu

2012-11-12 21:13:56 User connected: ubuntu

2012-11-12 21:14:16 User connected: ubuntu

2012-11-12 21:14:42 User connected: ubuntu

2012-11-12 22:32:02 Server started
2012-11-12 22:34:38 Server started
2012-11-12 22:38:50 Server started
2012-11-12 22:39:30 Server started
2012-11-12 23:22:48 Server started
2012-11-12 23:25:03 Server started
2012-11-12 23:31:33 Server started
2012-11-12 23:32:45 Server started
2012-11-12 23:32:48 Server started
2012-11-12 23:32:51 Server started
2012-11-12 23:32:55 Server started
2012-11-12 23:48:34 Server started
2012-11-14 16:41:38 Server started
2012-11-14 17:06:40 Server started
2012-11-14 17:07:35 Server started
2012-11-14 17:08:28 Server started
2012-11-14 17:09:31 Server started
2012-11-14 17:09:57 Server started
2012-11-14 17:11:49 Server started
2012-11-14 17:12:41 Server started
2012-11-14 17:15:07 Server started
2012-11-14 17:15:37 Server started
2012-11-14 17:15:39 Server started
2012-11-14 17:15:43 Server started
2012-11-14 17:15:45 Server started
2012-11-14 17:17:06 Server started
2012-11-14 17:18:02 Server started
2012-11-14 17:18:05 Server started
2012-11-14 17:18:09 Server started
2012-11-14 17:18:12 Server started
2012-11-14 17:20:21 Server started
2012-11-14 17:21:08 Server started
2012-11-14 17:21:12 Server started
2012-11-14 17:21:14 Server started
2012-11-14 17:21:44 Server started
2012-11-14 17:21:46 Server started
2012-11-14 17:21:49 Server started
2012-11-14 17:21:51 Server started
2012-11-14 17:21:54 Server started
2012-11-14 17:22:19 Server started
2012-11-14 17:22:22 Server started
2012-11-14 17:22:24 Server started
2012-11-14 17:22:56 Server started
2012-11-14 17:22:58 Server started
2012-11-14 17:23:00 Server started
2012-11-14 17:58:48 Server started
2012-11-14 18:05:07 Server started
2012-11-14 18:12:23 Server started
2012-11-14 18:18:47 Server started
2012-11-14 18:21:53 Server started
2012-11-14 18:57:29 Server started
2012-11-14 18:59:49 Server started
2012-11-14 19:01:00 Server started
2012-11-14 19:01:04 Server started
2012-11-14 19:01:06 Server started
2012-11-14 19:03:54 Server started
2012-11-14 19:04:30 Server started
2012-11-14 19:04:33 Server started
2012-11-14 19:11:27 Server started
2012-11-14 19:12:14 Server started
2012-11-14 19:12:17 Server started
2012-11-14 19:12:19 Server started
2012-11-14 19:13:10 Server started
2012-11-14 19:14:29 Server started
2012-11-14 19:17:05 Server started
2012-11-14 19:18:16 Server started
2012-11-14 19:27:50 Server started
2012-11-14 19:28:46 Server started
2012-11-14 19:31:32 Server started
2012-11-14 19:31:39 Server started
2012-11-14 19:31:41 Server started
2012-11-14 19:32:54 Server started
2012-11-14 19:33:32 Server started
2012-11-14 19:39:09 Server started
2012-11-14 19:40:37 Server started
2012-11-14 19:42:39 Server started
2012-11-14 19:54:19 Server started
2012-11-14 19:57:07 Server started
2012-11-14 19:58:51 Server started
2012-11-14 20:00:54 Server started
2012-11-14 20:09:23 Server started
2012-11-14 20:10:13 Server started
2012-11-14 20:10:14 Server started
2012-11-14 20:10:17 Server started
2012-11-14 20:22:14 Server started
2012-11-14 20:22:16 User connected: ubuntu
2012-11-14 20:24:29 Server started
2012-11-14 20:24:31 User connected: ubuntu
2012-11-14 20:27:31 Server started
2012-11-14 20:27:33 User connected: ubuntu
2012-11-14 20:28:04 Server started
2012-11-14 20:28:07 User connected: ubuntu
2012-11-14 20:29:32 Server started
2012-11-14 20:29:33 User connected: ubuntu
2012-11-14 20:32:11 Server started
2012-11-14 20:36:17 Server started
2012-11-14 20:36:20 Server started
2012-11-14 20:39:42 Server started
2012-11-14 20:39:44 Server started
2012-11-14 20:41:32 Server started
2012-11-14 20:41:33 Server started
2012-11-14 20:43:38 Server started
2012-11-14 20:43:39 Server started
2012-11-14 20:50:11 Server started
2012-11-14 20:50:13 Server started
2012-11-14 20:51:28 Server started
2012-11-14 20:51:30 Server started
2012-11-14 20:53:27 Server started
2012-11-14 20:54:22 Server started
2012-11-14 20:54:23 Server started
2012-11-14 20:54:26 Server started
2012-11-14 20:55:12 Server started
2012-11-14 20:59:11 Server started
2012-11-14 20:59:12 Server started
2012-11-14 21:00:49 Server started
2012-11-14 21:02:11 Server started
2012-11-14 21:07:29 Server started
2012-11-14 21:10:13 Server started
2012-11-14 21:10:16 Server started
2012-11-14 21:15:41 Server started
2012-11-14 21:15:42 Server started
2012-11-14 21:16:22 Server started
2012-11-14 21:18:53 Server started
2012-11-14 21:20:03 Server started
2012-11-14 21:21:17 Server started
2012-11-14 21:21:54 Server started
2012-11-14 21:22:07 Server started
2012-11-14 21:22:10 Server started
2012-11-14 21:27:56 Server started
2012-11-14 21:29:50 Server started
2012-11-14 21:30:17 Server started
2012-11-14 21:34:20 Server started
2012-11-14 21:34:21 Server started
2012-11-14 21:38:13 Server started
2012-11-14 21:40:34 Server started
2012-11-14 21:41:14 Server started
2012-11-14 21:41:16 Server started
2012-11-14 21:44:39 Server started
2012-11-14 21:48:39 Server started
2012-11-14 21:52:25 Server started
2012-11-14 21:55:04 Server started
2012-11-14 21:59:14 Server started
2012-11-14 21:59:51 Server started
2012-11-14 22:01:47 Server started
2012-11-14 22:02:53 Server started
2012-11-14 22:07:06 Server started
2012-11-14 22:13:07 Server started
2012-11-14 22:14:01 Server started
2012-11-14 22:16:50 Server started
2012-11-14 22:17:03 Server started
2012-11-14 22:18:41 Server started
2012-11-14 22:21:14 Server started
2012-11-14 23:14:18 Server started
2012-11-14 23:22:17 Server started
2012-11-14 23:23:01 Server started
2012-11-14 23:24:22 Server started
2012-11-14 23:24:32 Server started
2012-11-14 23:30:34 Server started
2012-11-14 23:31:55 Server started
2012-11-14 23:34:22 Server started
2012-11-14 23:35:55 Server started
2012-11-14 23:36:58 Server started
2012-11-14 23:43:06 Server started
2012-11-14 23:45:31 Server started
2012-11-14 23:45:34 Server started
2012-11-14 23:45:38 Server started
2012-11-14 23:54:52 Server started
2012-11-14 23:57:13 Server started
2012-11-14 23:58:50 Server started
2012-11-14 23:59:26 Server started
2012-11-14 23:59:31 Server started
2012-11-14 23:59:33 Server started
2012-11-15 00:00:10 Server started
2012-11-15 00:06:06 Server started
2012-11-15 00:07:48 Server started
2012-11-15 00:09:21 Server started
2012-11-15 00:13:35 Server started
2012-11-15 00:16:12 Server started
2012-11-15 00:17:38 Server started
2012-11-15 00:18:13 Server started
2012-11-15 00:18:16 Server started
2012-11-15 00:18:18 Server started
2012-11-15 00:23:25 Server started
2012-11-15 00:25:28 Server started
2012-11-15 00:27:32 Server started
2012-11-15 00:27:42 Server started
2012-11-15 00:27:47 Server started
2012-11-15 00:27:50 Server started
2012-11-15 00:32:51 Server started
2012-11-15 00:39:23 Server started
2012-11-15 01:02:31 Server started
2012-11-15 01:02:34 Server started
2012-11-15 01:13:09 Server started
2012-11-15 01:16:20 Server started
2012-11-15 01:19:22 Server started
2012-11-15 01:19:25 Server started
2012-11-15 01:19:27 Server started
2012-11-15 01:19:41 Server started
2012-11-15 01:21:48 Server started
2012-11-15 01:21:53 Server started
2012-11-15 01:21:56 Server started
2012-11-15 01:37:58 Server started
2012-11-15 01:38:08 Server started
2012-11-15 01:39:50 Server started
2012-11-15 01:43:39 Server started
2012-11-15 01:45:42 Server started
2012-11-15 01:47:44 Server started
2012-11-15 01:48:44 Server started
2012-11-15 01:48:46 Server started
2012-11-15 01:48:49 Server started
2012-11-15 01:48:51 Server started
2012-11-15 01:50:28 Server started
2012-11-15 01:52:39 Server started
2012-11-15 01:54:57 Server started
2012-11-15 01:55:13 Server started
2012-11-15 01:59:03 Server started
2012-11-15 02:00:57 Server started
2012-11-15 17:01:25 Server started
2012-11-15 17:07:00 Server started
2012-11-15 17:40:27 Server started
2012-11-15 17:42:47 Server started
2012-11-15 17:44:44 Server started
2012-11-15 17:44:46 User connected: ubuntu
2012-11-15 17:45:17 User connected: daniel
2012-11-15 17:50:43 Server started
2012-11-15 17:50:46 User connected: ubuntu
2012-11-15 17:52:35 Server started
2012-11-15 17:52:37 User connected: ubuntu
2012-11-15 17:53:36 Server started
2012-11-15 17:53:37 User connected: ubuntu
2012-11-15 18:04:44 Server started
2012-11-15 18:04:46 User connected: ubuntu
2012-11-15 18:04:57 User connected: daniel
2012-11-15 18:21:36 Server started
2012-11-15 18:21:40 User connected: ubuntu
2012-11-15 18:22:19 Server started
2012-11-15 18:22:22 User connected: ubuntu
2012-11-15 18:25:45 Server started
2012-11-15 18:25:48 User connected: ubuntu
2012-11-15 18:27:40 Server started
2012-11-15 18:27:42 User connected: ubuntu
2012-11-15 18:28:20 Server started
2012-11-15 18:28:22 User connected: ubuntu
2012-11-15 18:30:09 Server started
2012-11-15 18:30:12 User connected: ubuntu
2012-11-15 18:30:43 Server started
2012-11-15 18:30:45 User connected: ubuntu
2012-11-15 18:33:59 Server started
2012-11-15 18:34:02 User connected: ubuntu
2012-11-15 18:36:57 User connected: daniel
2012-11-15 18:50:37 Server started
2012-11-15 18:50:40 User connected: ubuntu
2012-11-15 18:52:53 Server started
2012-11-15 18:52:55 User connected: ubuntu
2012-11-15 18:54:19 Server started
2012-11-15 18:54:22 User connected: ubuntu
2012-11-15 18:57:25 Server started
2012-11-15 18:57:27 User connected: ubuntu
2012-11-15 19:01:10 Server started
2012-11-15 19:01:12 User connected: ubuntu
2012-11-15 19:03:48 Server started
2012-11-15 19:03:50 User connected: ubuntu
2012-11-15 19:05:15 Server started
2012-11-15 19:05:18 User connected: ubuntu
2012-11-15 19:06:58 Server started
2012-11-15 19:07:00 User connected: ubuntu
2012-11-15 19:09:25 User connected: daniel
2012-11-15 19:09:48 Server started
2012-11-15 19:09:50 User connected: daniel
2012-11-15 19:09:53 User connected: ubuntu
2012-11-15 19:11:27 Server started
2012-11-15 19:11:47 Server started
2012-11-15 19:11:50 Server started
2012-11-15 19:11:53 User connected: daniel
2012-11-15 19:14:12 Server started
2012-11-15 19:14:15 User connected: ubuntu
2012-11-15 19:14:33 User connected: daniel
2012-11-15 19:19:11 Server started
2012-11-15 19:19:13 User connected: ubuntu
2012-11-15 19:21:28 Server started
2012-11-15 19:21:29 User connected: ubuntu
2012-11-15 19:22:01 User connected: daniel
2012-11-15 19:29:14 Server started
2012-11-15 19:29:17 User connected: ubuntu
2012-11-15 19:30:00 Server started
2012-11-15 19:30:03 User connected: ubuntu
2012-11-15 19:32:33 Server started
2012-11-15 19:32:35 User connected: ubuntu
2012-11-15 19:34:24 Server started
2012-11-15 19:34:27 User connected: ubuntu
2012-11-15 19:34:57 Server started
2012-11-15 19:34:59 User connected: ubuntu
2012-11-15 19:35:26 Server started
2012-11-15 19:35:28 User connected: ubuntu
2012-11-15 19:35:49 User connected: daniel
2012-11-15 19:39:33 Server started
2012-11-15 19:39:49 Server started
2012-11-15 19:39:53 Server started
2012-11-15 19:40:07 User connected: ubuntu
2012-11-15 19:40:35 Server started
2012-11-15 19:40:37 User connected: ubuntu
2012-11-15 19:41:22 Server started
2012-11-15 19:41:24 User connected: ubuntu
2012-11-15 19:42:32 Server started
2012-11-15 19:42:34 User connected: ubuntu
2012-11-15 19:44:52 Server started
2012-11-15 19:44:58 User connected: ubuntu
2012-11-15 19:46:27 Server started
2012-11-15 19:46:29 User connected: ubuntu
2012-11-15 19:47:47 Server started
2012-11-15 19:47:49 User connected: ubuntu
2012-11-15 19:50:02 Server started
2012-11-15 19:50:05 User connected: ubuntu
2012-11-15 19:51:16 Server started
2012-11-15 19:51:19 User connected: ubuntu
2012-11-15 19:53:50 Server started
2012-11-15 19:53:55 User connected: ubuntu
2012-11-15 19:58:18 Server started
2012-11-15 19:58:20 User connected: ubuntu
2012-11-15 19:58:54 User connected: daniel
2012-11-15 20:01:26 Server started
2012-11-15 20:01:28 User connected: ubuntu
2012-11-15 20:04:27 Server started
2012-11-15 20:04:31 User connected: ubuntu
2012-11-15 20:07:22 Server started
2012-11-15 20:07:27 User connected: daniel
2012-11-15 20:08:25 Server started
2012-11-15 20:08:29 User connected: daniel
2012-11-15 20:15:11 Server started
2012-11-15 20:15:15 User connected: daniel
2012-11-15 20:21:12 Server started
2012-11-15 20:21:13 User connected: daniel
2012-11-15 20:22:27 Server started
2012-11-15 20:22:28 User connected: daniel
2012-11-15 20:25:39 Server started
2012-11-15 20:25:41 User connected: daniel
2012-11-15 20:27:06 Server started
2012-11-15 20:27:08 User connected: daniel
2012-11-15 20:29:14 Server started
2012-11-15 20:29:19 Server started
2012-11-15 20:29:23 User connected: daniel
2012-11-15 20:48:44 Server started
2012-11-15 20:48:46 User connected: daniel
2012-11-15 20:49:53 Server started
2012-11-15 20:49:54 User connected: daniel
2012-11-15 21:09:03 Server started
2012-11-15 21:09:06 User connected: daniel
2012-11-15 21:15:54 Server started
2012-11-15 21:15:56 User connected: daniel
2012-11-15 21:16:54 Server started
2012-11-15 21:16:56 User connected: daniel
2012-11-15 21:18:12 Server started
2012-11-15 21:18:15 User connected: daniel
2012-11-15 21:18:56 Server started
2012-11-15 21:19:00 User connected: daniel
2012-11-15 21:20:31 Server started
2012-11-15 21:20:33 User connected: daniel
2012-11-15 21:21:23 Server started
2012-11-15 21:21:24 User connected: daniel
2012-11-15 21:23:58 Server started
2012-11-15 21:24:01 User connected: daniel
2012-11-15 21:24:30 Server started
2012-11-15 21:24:31 User connected: daniel
2012-11-15 21:24:52 Server started
2012-11-15 21:24:55 User connected: daniel
2012-11-15 21:25:31 Server started
2012-11-15 21:25:32 User connected: daniel
2012-11-15 21:28:15 Server started
2012-11-15 21:28:17 User connected: daniel
2012-11-15 21:28:39 Server started
2012-11-15 21:28:41 User connected: daniel
2012-11-15 21:43:16 Server started
2012-11-15 21:43:30 User connected: daniel
2012-11-15 21:44:23 User connected: ubuntu
2012-11-15 21:45:03 Server started
2012-11-15 21:45:06 Server started
2012-11-15 21:45:11 User connected: daniel
2012-11-15 21:45:16 User connected: ubuntu
2012-11-15 22:29:11 Server started
2012-11-15 22:29:17 User connected: daniel
2012-11-16 11:22:03 Server started
2012-11-16 11:22:18 User connected: daniel
2012-11-16 11:23:51 Server started
2012-11-16 11:23:53 User connected: daniel
2012-11-16 11:24:09 User connected: ubuntu
2012-11-16 11:29:26 Server started
2012-11-16 11:29:27 User connected: daniel
2012-11-16 11:36:10 Server started
2012-11-16 11:36:43 Server started
2012-11-16 11:36:54 User connected: ubuntu
2012-11-16 11:38:56 User connected: elra3
2012-11-16 12:12:11 Server started
2012-11-16 12:12:35 User connected: elra3
2012-11-16 12:13:40 Server started
2012-11-16 12:13:43 User connected: elra1
2012-11-16 12:18:58 Server started
2012-11-16 12:19:01 User connected: elra1
2012-11-16 12:37:16 Server started
2012-11-16 12:37:19 User connected: elra1
2012-11-16 14:23:45 Server started
2012-11-16 15:26:10 Server started
2012-11-16 15:26:16 User connected: elra2
2012-11-16 15:34:01 Server started
2012-11-16 15:34:06 User connected: elra2
2012-11-16 15:36:58 Server started
2012-11-16 15:37:01 User connected: elra2
2012-11-16 15:38:35 Server started
2012-11-16 15:38:42 User connected: elra2
2012-11-16 15:38:48 User connected: elra3
2012-11-16 15:46:45 Server started
2012-11-16 15:46:48 User connected: elra2
2012-11-16 15:46:50 User connected: elra3
2012-11-16 15:54:28 Server started
2012-11-16 15:54:32 User connected: elra2
2012-11-16 15:54:37 User connected: elra3
2012-11-16 15:58:32 Server started
2012-11-16 15:59:44 User connected: elra2
2012-11-16 15:59:51 User connected: elra3
2012-11-16 16:01:23 Server started
2012-11-16 16:01:26 User connected: elra2
2012-11-16 16:01:29 User connected: elra3
2012-11-16 16:03:27 User connected: elra3
2012-11-16 16:04:58 User connected: elra3
2012-11-16 16:06:18 User connected: elra2
2012-11-16 16:06:44 User connected: elra2
2012-11-16 16:07:54 Server started
2012-11-16 16:07:59 User connected: elra2
2012-11-16 16:08:02 User connected: elra3
2012-11-16 16:11:34 Server started
2012-11-16 16:11:37 Server started
2012-11-16 16:11:40 User connected: elra2
2012-11-16 16:11:47 User connected: elra3
2012-11-16 16:17:22 Server started
2012-11-16 16:17:26 User connected: elra2
2012-11-16 16:17:35 User connected: elra3
2012-11-16 16:19:14 Server started
2012-11-16 16:19:16 User connected: elra2
2012-11-16 16:19:27 User connected: elra3
2012-11-16 16:23:54 Server started
2012-11-16 16:23:57 User connected: elra2
2012-11-16 16:24:06 User connected: elra3
2012-11-16 16:31:25 Server started
2012-11-16 16:32:46 Server started
2012-11-16 16:32:49 User connected: elra2
2012-11-16 16:33:01 User connected: elra2
2012-11-16 16:35:18 Server started
2012-11-16 16:35:27 User connected: elra2
2012-11-16 16:35:40 User connected: elra3
2012-11-16 16:36:59 Server started
2012-11-16 16:37:03 User connected: elra2
2012-11-16 16:37:06 User connected: elra3
2012-11-16 16:40:31 Server started
2012-11-16 16:40:33 User connected: elra2
2012-11-16 16:40:36 User connected: elra3
2012-11-16 16:43:38 User connected: elra2
2012-11-16 16:48:02 Server started
2012-11-16 16:48:39 Server started
2012-11-16 16:48:42 Server started
2012-11-16 16:56:38 Server started
2012-11-16 16:56:42 User connected: elra2
2012-11-16 16:57:11 User connected: elra3
2012-11-16 16:59:47 Server started
2012-11-16 16:59:49 User connected: elra2
2012-11-16 16:59:52 User connected: elra3
2012-11-16 17:02:04 Server started
2012-11-16 17:02:19 User connected: elra2
2012-11-16 17:02:24 User connected: elra3
2012-11-16 17:04:45 Server started
2012-11-16 17:04:47 User connected: elra2
2012-11-16 17:04:49 User connected: elra3
2012-11-16 17:25:58 Server started
2012-11-16 17:27:14 User connected: elra1
2012-11-16 17:27:20 User connected: elra2
2012-11-16 17:27:26 User connected: elra3
2012-11-16 17:36:57 Server started
2012-11-16 17:37:59 User connected: elra2
2012-11-16 17:38:02 User connected: elra3
2012-11-16 17:38:05 User connected: elra1
2012-11-16 18:14:44 Server started
2012-11-16 18:14:48 Server started
2012-11-16 18:14:51 User connected: elra2
2012-11-16 18:17:29 Server started
2012-11-16 18:17:34 User connected: elra3
2012-11-16 18:17:38 User connected: elra2
2012-11-16 18:28:46 Server started
2012-11-16 18:28:48 User connected: elra2
2012-11-16 18:28:50 User connected: elra3
2012-11-16 18:57:25 Server started
2012-11-16 18:57:40 User connected: elra2
2012-11-16 18:57:44 User connected: elra3
2012-11-16 19:03:32 Server started
2012-11-16 19:03:33 User connected: elra2
2012-11-16 19:03:36 User connected: elra3
2012-11-16 19:16:18 Server started
2012-11-16 19:16:20 
2012-11-16 19:17:38 Server started
2012-11-16 19:17:40 
2012-11-16 19:19:15 Server started
2012-11-16 19:19:19 
2012-11-16 19:19:24 
2012-11-16 19:20:08 
2012-11-16 19:21:42 Server started
2012-11-16 19:21:45 
2012-11-16 19:21:51 
2012-11-16 19:22:30 Server started
2012-11-16 19:22:34 
2012-11-16 19:23:20 
2012-11-16 19:24:22 Server started
2012-11-16 19:24:28 
2012-11-16 19:24:40 
2012-11-16 19:32:45 Server started
2012-11-16 19:32:47 
2012-11-16 19:32:51 
2012-11-16 19:36:15 Server started
2012-11-16 19:36:17 
2012-11-16 19:36:23 
2012-11-16 20:02:10 Server started
2012-11-16 20:02:13 
2012-11-16 20:02:24 
2012-11-16 20:30:08 Server started
2012-11-16 20:30:10 
2012-11-16 21:28:16 Server started
2012-11-16 21:28:21 
2012-11-16 21:35:01 Server started
2012-11-16 21:35:03 
2012-11-16 21:36:40 Server started
2012-11-16 21:36:43 
2012-11-16 21:40:25 Server started
2012-11-16 21:40:27 
2012-11-16 21:59:18 Server started
2012-11-16 21:59:38 
2012-11-16 22:00:05 
2012-11-16 22:00:22 
2012-11-16 22:57:01 Server started
2012-11-16 22:57:23 
2012-11-16 22:58:06 Server started
2012-11-16 22:58:09 
2012-11-16 23:54:51 Server started
2012-11-16 23:54:59 
2012-11-16 23:55:06 Server started
2012-11-16 23:55:09 Server started
2012-11-16 23:55:18 
2012-11-16 23:55:35 
2012-11-16 23:55:46 
2012-11-16 23:56:45 Server started
2012-11-16 23:56:48 Server started
2012-11-16 23:56:51 Server started
2012-11-16 23:56:56 
2012-11-16 23:57:01 
2012-11-16 23:58:16 Server started
2012-11-16 23:58:18 
2012-11-16 23:58:24 
2012-11-16 23:59:33 Server started
2012-11-16 23:59:36 
2012-11-16 23:59:38 
2012-11-17 00:09:24 Server started
2012-11-17 00:09:29 
2012-11-17 00:09:32 
2012-11-17 00:11:05 Server started
2012-11-17 00:11:07 
2012-11-17 00:11:09 
2012-11-17 00:19:49 Server started
2012-11-17 00:19:52 
2012-11-17 00:19:54 
2012-11-17 00:23:34 Server started
2012-11-17 00:23:52 
2012-11-17 00:23:55 
2012-11-17 00:24:29 Server started
2012-11-17 00:24:35 Server started
2012-11-17 00:24:39 Server started
2012-11-17 00:24:43 
2012-11-17 00:24:47 
2012-11-17 00:27:37 Server started
2012-11-17 00:27:50 
2012-11-17 00:28:08 
2012-11-17 00:29:31 Server started
2012-11-17 00:29:35 Server started
2012-11-17 00:29:44 
2012-11-17 00:33:25 Server started
2012-11-17 00:33:30 
2012-11-17 00:33:33 
2012-11-17 00:37:19 Server started
2012-11-17 00:37:28 Server started
2012-11-17 00:37:32 
2012-11-17 00:37:37 
2012-11-17 00:40:49 Server started
2012-11-17 00:40:51 
2012-11-17 00:40:54 
2012-11-17 00:43:21 Server started
2012-11-17 00:43:24 
2012-11-17 00:43:29 
2012-11-17 00:49:36 Server started
2012-11-17 00:49:38 
2012-11-17 00:49:57 
2012-11-17 00:50:48 Server started
2012-11-17 00:50:51 
2012-11-17 00:51:01 
2012-11-17 00:52:57 Server started
2012-11-17 00:53:00 
2012-11-17 00:53:02 
2012-11-17 00:56:28 Server started
2012-11-17 00:56:31 
2012-11-17 00:56:35 
2012-11-17 00:59:00 Server started
2012-11-17 00:59:06 
2012-11-17 00:59:10 
2012-11-17 01:00:01 Server started
2012-11-17 01:00:02 
2012-11-17 01:00:04 
2012-11-17 01:00:34 Server started
2012-11-17 01:00:40 
2012-11-17 01:00:44 
2012-11-17 01:03:21 Server started
2012-11-17 01:03:23 
2012-11-17 01:03:25 
